c:\users\lim li ping\onedrive - asia pacific university\documents\github\dstr-assignment\turs\x64\debug\vc143.pdb
c:\users\lim li ping\onedrive - asia pacific university\documents\github\dstr-assignment\turs\x64\debug\vc143.idb
c:\users\lim li ping\onedrive - asia pacific university\documents\github\dstr-assignment\turs\x64\debug\university.obj
c:\users\lim li ping\onedrive - asia pacific university\documents\github\dstr-assignment\turs\x64\debug\main.obj
c:\users\lim li ping\onedrive - asia pacific university\documents\github\dstr-assignment\turs\x64\debug\ranking.obj
c:\users\lim li ping\onedrive - asia pacific university\documents\github\dstr-assignment\turs\x64\debug\menu.obj
c:\users\lim li ping\onedrive - asia pacific university\documents\github\dstr-assignment\turs\x64\debug\inputhandler.obj
c:\users\lim li ping\onedrive - asia pacific university\documents\github\dstr-assignment\turs\x64\debug\guest.obj
c:\users\lim li ping\onedrive - asia pacific university\documents\github\dstr-assignment\turs\x64\debug\feedback.obj
c:\users\lim li ping\onedrive - asia pacific university\documents\github\dstr-assignment\turs\x64\debug\favourite.obj
c:\users\lim li ping\onedrive - asia pacific university\documents\github\dstr-assignment\turs\x64\debug\customer.obj
c:\users\lim li ping\onedrive - asia pacific university\documents\github\dstr-assignment\turs\x64\debug\turs.ilk
c:\users\lim li ping\onedrive - asia pacific university\documents\github\dstr-assignment\x64\debug\turs.exe
c:\users\lim li ping\onedrive - asia pacific university\documents\github\dstr-assignment\x64\debug\turs.pdb
c:\users\lim li ping\onedrive - asia pacific university\documents\github\dstr-assignment\turs\x64\debug\turs.tlog\cl.command.1.tlog
c:\users\lim li ping\onedrive - asia pacific university\documents\github\dstr-assignment\turs\x64\debug\turs.tlog\cl.read.1.tlog
c:\users\lim li ping\onedrive - asia pacific university\documents\github\dstr-assignment\turs\x64\debug\turs.tlog\cl.write.1.tlog
c:\users\lim li ping\onedrive - asia pacific university\documents\github\dstr-assignment\turs\x64\debug\turs.tlog\link.command.1.tlog
c:\users\lim li ping\onedrive - asia pacific university\documents\github\dstr-assignment\turs\x64\debug\turs.tlog\link.read.1.tlog
c:\users\lim li ping\onedrive - asia pacific university\documents\github\dstr-assignment\turs\x64\debug\turs.tlog\link.write.1.tlog
