  Customer.cpp
  Favourite.cpp
  Feedback.cpp
  Guest.cpp
  Ranking.cpp
C:\Users\Admin\source\repos\DSTR-Assignment\TURS\Ranking.cpp(210,1): warning C4267: 'initializing': conversion from 'size_t' to 'int', possible loss of data
C:\Users\Admin\source\repos\DSTR-Assignment\TURS\Ranking.cpp(259,23): warning C4244: 'argument': conversion from 'double' to 'const _Elem', possible loss of data
          with
          [
              _Elem=char
          ]
C:\Users\Admin\source\repos\DSTR-Assignment\TURS\Ranking.cpp(260,22): warning C4244: 'argument': conversion from 'double' to 'const _Elem', possible loss of data
          with
          [
              _Elem=char
          ]
C:\Users\Admin\source\repos\DSTR-Assignment\TURS\Ranking.cpp(262,23): warning C4244: 'argument': conversion from 'double' to 'const _Elem', possible loss of data
          with
          [
              _Elem=char
          ]
C:\Users\Admin\source\repos\DSTR-Assignment\TURS\Ranking.cpp(263,22): warning C4244: 'argument': conversion from 'double' to 'const _Elem', possible loss of data
          with
          [
              _Elem=char
          ]
C:\Users\Admin\source\repos\DSTR-Assignment\TURS\Ranking.cpp(265,24): warning C4244: 'argument': conversion from 'double' to 'const _Elem', possible loss of data
          with
          [
              _Elem=char
          ]
C:\Users\Admin\source\repos\DSTR-Assignment\TURS\Ranking.cpp(266,23): warning C4244: 'argument': conversion from 'double' to 'const _Elem', possible loss of data
          with
          [
              _Elem=char
          ]
C:\Users\Admin\source\repos\DSTR-Assignment\TURS\Ranking.cpp(268,24): warning C4244: 'argument': conversion from 'double' to 'const _Elem', possible loss of data
          with
          [
              _Elem=char
          ]
C:\Users\Admin\source\repos\DSTR-Assignment\TURS\Ranking.cpp(269,23): warning C4244: 'argument': conversion from 'double' to 'const _Elem', possible loss of data
          with
          [
              _Elem=char
          ]
C:\Users\Admin\source\repos\DSTR-Assignment\TURS\Ranking.cpp(271,24): warning C4244: 'argument': conversion from 'double' to 'const _Elem', possible loss of data
          with
          [
              _Elem=char
          ]
C:\Users\Admin\source\repos\DSTR-Assignment\TURS\Ranking.cpp(272,23): warning C4244: 'argument': conversion from 'double' to 'const _Elem', possible loss of data
          with
          [
              _Elem=char
          ]
C:\Users\Admin\source\repos\DSTR-Assignment\TURS\Ranking.cpp(274,24): warning C4244: 'argument': conversion from 'double' to 'const _Elem', possible loss of data
          with
          [
              _Elem=char
          ]
C:\Users\Admin\source\repos\DSTR-Assignment\TURS\Ranking.cpp(275,23): warning C4244: 'argument': conversion from 'double' to 'const _Elem', possible loss of data
          with
          [
              _Elem=char
          ]
C:\Users\Admin\source\repos\DSTR-Assignment\TURS\Ranking.cpp(277,24): warning C4244: 'argument': conversion from 'double' to 'const _Elem', possible loss of data
          with
          [
              _Elem=char
          ]
C:\Users\Admin\source\repos\DSTR-Assignment\TURS\Ranking.cpp(278,23): warning C4244: 'argument': conversion from 'double' to 'const _Elem', possible loss of data
          with
          [
              _Elem=char
          ]
C:\Users\Admin\source\repos\DSTR-Assignment\TURS\Ranking.cpp(280,24): warning C4244: 'argument': conversion from 'double' to 'const _Elem', possible loss of data
          with
          [
              _Elem=char
          ]
C:\Users\Admin\source\repos\DSTR-Assignment\TURS\Ranking.cpp(281,23): warning C4244: 'argument': conversion from 'double' to 'const _Elem', possible loss of data
          with
          [
              _Elem=char
          ]
C:\Users\Admin\source\repos\DSTR-Assignment\TURS\Ranking.cpp(283,27): warning C4244: 'argument': conversion from 'double' to 'const _Elem', possible loss of data
          with
          [
              _Elem=char
          ]
  Main.cpp
C:\Users\Admin\source\repos\DSTR-Assignment\TURS\University.cpp(101,1): warning C4267: 'initializing': conversion from 'size_t' to 'int', possible loss of data
C:\Users\Admin\source\repos\DSTR-Assignment\TURS\Ranking.cpp(210,1): warning C4267: 'initializing': conversion from 'size_t' to 'int', possible loss of data
C:\Users\Admin\source\repos\DSTR-Assignment\TURS\Ranking.cpp(259,23): warning C4244: 'argument': conversion from 'double' to 'const _Elem', possible loss of data
          with
          [
              _Elem=char
          ]
C:\Users\Admin\source\repos\DSTR-Assignment\TURS\Ranking.cpp(260,22): warning C4244: 'argument': conversion from 'double' to 'const _Elem', possible loss of data
          with
          [
              _Elem=char
          ]
C:\Users\Admin\source\repos\DSTR-Assignment\TURS\Ranking.cpp(262,23): warning C4244: 'argument': conversion from 'double' to 'const _Elem', possible loss of data
          with
          [
              _Elem=char
          ]
C:\Users\Admin\source\repos\DSTR-Assignment\TURS\Ranking.cpp(263,22): warning C4244: 'argument': conversion from 'double' to 'const _Elem', possible loss of data
          with
          [
              _Elem=char
          ]
C:\Users\Admin\source\repos\DSTR-Assignment\TURS\Ranking.cpp(265,24): warning C4244: 'argument': conversion from 'double' to 'const _Elem', possible loss of data
          with
          [
              _Elem=char
          ]
C:\Users\Admin\source\repos\DSTR-Assignment\TURS\Ranking.cpp(266,23): warning C4244: 'argument': conversion from 'double' to 'const _Elem', possible loss of data
          with
          [
              _Elem=char
          ]
C:\Users\Admin\source\repos\DSTR-Assignment\TURS\Ranking.cpp(268,24): warning C4244: 'argument': conversion from 'double' to 'const _Elem', possible loss of data
          with
          [
              _Elem=char
          ]
C:\Users\Admin\source\repos\DSTR-Assignment\TURS\Ranking.cpp(269,23): warning C4244: 'argument': conversion from 'double' to 'const _Elem', possible loss of data
          with
          [
              _Elem=char
          ]
C:\Users\Admin\source\repos\DSTR-Assignment\TURS\Ranking.cpp(271,24): warning C4244: 'argument': conversion from 'double' to 'const _Elem', possible loss of data
          with
          [
              _Elem=char
          ]
C:\Users\Admin\source\repos\DSTR-Assignment\TURS\Ranking.cpp(272,23): warning C4244: 'argument': conversion from 'double' to 'const _Elem', possible loss of data
          with
          [
              _Elem=char
          ]
C:\Users\Admin\source\repos\DSTR-Assignment\TURS\Ranking.cpp(274,24): warning C4244: 'argument': conversion from 'double' to 'const _Elem', possible loss of data
          with
          [
              _Elem=char
          ]
C:\Users\Admin\source\repos\DSTR-Assignment\TURS\Ranking.cpp(275,23): warning C4244: 'argument': conversion from 'double' to 'const _Elem', possible loss of data
          with
          [
              _Elem=char
          ]
C:\Users\Admin\source\repos\DSTR-Assignment\TURS\Ranking.cpp(277,24): warning C4244: 'argument': conversion from 'double' to 'const _Elem', possible loss of data
          with
          [
              _Elem=char
          ]
C:\Users\Admin\source\repos\DSTR-Assignment\TURS\Ranking.cpp(278,23): warning C4244: 'argument': conversion from 'double' to 'const _Elem', possible loss of data
          with
          [
              _Elem=char
          ]
C:\Users\Admin\source\repos\DSTR-Assignment\TURS\Ranking.cpp(280,24): warning C4244: 'argument': conversion from 'double' to 'const _Elem', possible loss of data
          with
          [
              _Elem=char
          ]
C:\Users\Admin\source\repos\DSTR-Assignment\TURS\Ranking.cpp(281,23): warning C4244: 'argument': conversion from 'double' to 'const _Elem', possible loss of data
          with
          [
              _Elem=char
          ]
C:\Users\Admin\source\repos\DSTR-Assignment\TURS\Ranking.cpp(283,27): warning C4244: 'argument': conversion from 'double' to 'const _Elem', possible loss of data
          with
          [
              _Elem=char
          ]
  University.cpp
C:\Users\Admin\source\repos\DSTR-Assignment\TURS\University.cpp(101,1): warning C4267: 'initializing': conversion from 'size_t' to 'int', possible loss of data
  Generating Code...
  TURS.vcxproj -> C:\Users\Admin\source\repos\DSTR-Assignment\x64\Debug\TURS.exe
